# JRE version: Java(TM) SE Runtime Environment (11.0.5+10) (build 11.0.5+10-LTS)
# Java VM: Java HotSpot(TM) 64-Bit Server VM (11.0.5+10-LTS, mixed mode, tiered, compressed oops, g1 gc, windows-amd64)
Heap:
 garbage-first heap   total 409600K, used 190095K [0x00000000a0000000, 0x0000000100000000)
  region size 1024K, 36 young (36864K), 4 survivors (4096K)
 Metaspace       used 116167K, capacity 119430K, committed 119852K, reserved 1153024K
  class space    used 14191K, capacity 15328K, committed 15488K, reserved 1048576K
GC Heap History (10 events):
Event: 684.367 GC heap before
{Heap before GC invocations=58 (full 0):
 garbage-first heap   total 324608K, used 236365K [0x00000000a0000000, 0x0000000100000000)
  region size 1024K, 20 young (20480K), 1 survivors (1024K)
 Metaspace       used 115859K, capacity 119086K, committed 119596K, reserved 1153024K
  class space    used 14186K, capacity 15327K, committed 15488K, reserved 1048576K
}
Event: 684.371 GC heap after
{Heap after GC invocations=59 (full 0):
 garbage-first heap   total 324608K, used 220396K [0x00000000a0000000, 0x0000000100000000)
  region size 1024K, 2 young (2048K), 2 survivors (2048K)
 Metaspace       used 115859K, capacity 119086K, committed 119596K, reserved 1153024K
  class space    used 14186K, capacity 15327K, committed 15488K, reserved 1048576K
}
Event: 685.022 GC heap before
{Heap before GC invocations=60 (full 0):
 garbage-first heap   total 324608K, used 233406K [0x00000000a0000000, 0x0000000100000000)
  region size 1024K, 48 young (49152K), 2 survivors (2048K)
 Metaspace       used 116096K, capacity 119353K, committed 119852K, reserved 1153024K
  class space    used 14186K, capacity 15327K, committed 15488K, reserved 1048576K
}
Event: 685.026 GC heap after
{Heap after GC invocations=61 (full 0):
 garbage-first heap   total 324608K, used 188658K [0x00000000a0000000, 0x0000000100000000)
  region size 1024K, 5 young (5120K), 5 survivors (5120K)
 Metaspace       used 116096K, capacity 119353K, committed 119852K, reserved 1153024K
  class space    used 14186K, capacity 15327K, committed 15488K, reserved 1048576K
}
Event: 685.090 GC heap before
{Heap before GC invocations=61 (full 0):
 garbage-first heap   total 324608K, used 199922K [0x00000000a0000000, 0x0000000100000000)
  region size 1024K, 15 young (15360K), 5 survivors (5120K)
 Metaspace       used 116123K, capacity 119360K, committed 119852K, reserved 1153024K
  class space    used 14191K, capacity 15328K, committed 15488K, reserved 1048576K
}
Event: 685.101 GC heap after
{Heap after GC invocations=62 (full 0):
 garbage-first heap   total 324608K, used 159065K [0x00000000a0000000, 0x0000000100000000)
  region size 1024K, 2 young (2048K), 2 survivors (2048K)
 Metaspace       used 116123K, capacity 119360K, committed 119852K, reserved 1153024K
  class space    used 14191K, capacity 15328K, committed 15488K, reserved 1048576K
}
Event: 685.128 GC heap before
{Heap before GC invocations=62 (full 0):
 garbage-first heap   total 324608K, used 171353K [0x00000000a0000000, 0x0000000100000000)
  region size 1024K, 15 young (15360K), 2 survivors (2048K)
 Metaspace       used 116143K, capacity 119427K, committed 119852K, reserved 1153024K
  class space    used 14191K, capacity 15328K, committed 15488K, reserved 1048576K
}
Event: 685.150 GC heap after
{Heap after GC invocations=63 (full 0):
 garbage-first heap   total 324608K, used 155566K [0x00000000a0000000, 0x0000000100000000)
  region size 1024K, 2 young (2048K), 2 survivors (2048K)
 Metaspace       used 116143K, capacity 119427K, committed 119852K, reserved 1153024K
  class space    used 14191K, capacity 15328K, committed 15488K, reserved 1048576K
}
Event: 685.433 GC heap before
{Heap before GC invocations=63 (full 0):
 garbage-first heap   total 324608K, used 231342K [0x00000000a0000000, 0x0000000100000000)
  region size 1024K, 77 young (78848K), 2 survivors (2048K)
 Metaspace       used 116143K, capacity 119427K, committed 119852K, reserved 1153024K
  class space    used 14191K, capacity 15328K, committed 15488K, reserved 1048576K
}
Event: 685.443 GC heap after
{Heap after GC invocations=64 (full 0):
 garbage-first heap   total 409600K, used 157327K [0x00000000a0000000, 0x0000000100000000)
  region size 1024K, 4 young (4096K), 4 survivors (4096K)
 Metaspace       used 116143K, capacity 119427K, committed 119852K, reserved 1153024K
  class space    used 14191K, capacity 15328K, committed 15488K, reserved 1048576K
}

